#
# An unexpected error has occurred (6)
#
Stack:
/lib64/libc.so.6() [0x3409a32960]
/lib64/libc.so.6(gsignal+0x35) [0x3409a328e5]
/lib64/libc.so.6(abort+0x175) [0x3409a340c5]
/afs/ece/support/xilinx/xilinx.release/Vivado-2013.2/Vivado/2013.2/lib/lnx64.o/libtcl8.5.so(Tcl_PanicVA+0x187) [0x7ffc949744b7]
/afs/ece/support/xilinx/xilinx.release/Vivado-2013.2/Vivado/2013.2/lib/lnx64.o/libtcl8.5.so(Tcl_Panic+0x8c) [0x7ffc9497456c]
/afs/ece/support/xilinx/xilinx.release/Vivado-2013.2/Vivado/2013.2/lib/lnx64.o/libtcl8.5.so(TclStackFree+0x5c) [0x7ffc9493d80c]
/afs/ece/support/xilinx/xilinx.release/Vivado-2013.2/Vivado/2013.2/lib/lnx64.o/libtcl8.5.so(TclEvalObjEx+0x12a) [0x7ffc94900d4a]
/afs/ece/support/xilinx/xilinx.release/Vivado-2013.2/Vivado/2013.2/lib/lnx64.o/librdi_common.so(hdi::tcltasks::task_manager::eval_in_tcl(Tcl_Interp*, Tcl_Obj*, char const*, bool)+0xa01) [0x7ffc98e101c1]
/afs/ece/support/xilinx/xilinx.release/Vivado-2013.2/Vivado/2013.2/lib/lnx64.o/librdi_designutils.so(HRTInvoker::inProcessLaunch(HDGUIStatus&)+0x51d) [0x7ffc8408f1dd]
/afs/ece/support/xilinx/xilinx.release/Vivado-2013.2/Vivado/2013.2/lib/lnx64.o/librdi_designutils.so(HRTInvoker::launch(HDGUIStatus&)+0x6b5) [0x7ffc84090085]
/afs/ece/support/xilinx/xilinx.release/Vivado-2013.2/Vivado/2013.2/lib/lnx64.o/librdi_project.so(HAPRProjUtils::openRodinElabNetlist(HAPRProject*, HAPRDesignSpec const&, HDARPart const*, HDGUIStatus&)+0x3e0) [0x7ffc7e66ace0]
/afs/ece/support/xilinx/xilinx.release/Vivado-2013.2/Vivado/2013.2/lib/lnx64.o/librdi_project.so(HAPRDesign::openNetlist_(HDGUIStatus&)+0x32d) [0x7ffc7e61e88d]
/afs/ece/support/xilinx/xilinx.release/Vivado-2013.2/Vivado/2013.2/lib/lnx64.o/librdi_project.so(HAPRDesign::openAndProcessNetlist_(HDGUIStatus&, bool, bool&)+0xb8) [0x7ffc7e623088]
/afs/ece/support/xilinx/xilinx.release/Vivado-2013.2/Vivado/2013.2/lib/lnx64.o/librdi_project.so(HAPRDesign::refreshDesign(HDGUIStatus&)+0x476) [0x7ffc7e625606]
/afs/ece/support/xilinx/xilinx.release/Vivado-2013.2/Vivado/2013.2/lib/lnx64.o/librdi_project.so(HAPRProject::openDesign_(HAPRDesignSpec const&, HDGUIStatus&)+0x67) [0x7ffc7e681717]
/afs/ece/support/xilinx/xilinx.release/Vivado-2013.2/Vivado/2013.2/lib/lnx64.o/librdi_project.so(HAPRProject::elaborate(HDARPart const*, HADAFileSet*, HADAFileSet*, HSTString const&, bool, HSTString const&, bool, int, bool, HDGUIStatus&)+0x10d) [0x7ffc7e681fbd]
/afs/ece/support/xilinx/xilinx.release/Vivado-2013.2/Vivado/2013.2/lib/lnx64.o/librdi_vivadotasks.so(+0x1c1857) [0x7ffc71174857]
/afs/ece/support/xilinx/xilinx.release/Vivado-2013.2/Vivado/2013.2/lib/lnx64.o/librdi_vivadotasks.so(+0x1c641d) [0x7ffc7117941d]
/afs/ece/support/xilinx/xilinx.release/Vivado-2013.2/Vivado/2013.2/lib/lnx64.o/librdi_common.so(+0x4a449b) [0x7ffc98e1149b]
/afs/ece/support/xilinx/xilinx.release/Vivado-2013.2/Vivado/2013.2/lib/lnx64.o/libtcl8.5.so(+0x32cf7) [0x7ffc948fecf7]
/afs/ece/support/xilinx/xilinx.release/Vivado-2013.2/Vivado/2013.2/lib/lnx64.o/libtcl8.5.so(+0x3455b) [0x7ffc9490055b]
/afs/ece/support/xilinx/xilinx.release/Vivado-2013.2/Vivado/2013.2/lib/lnx64.o/libtcl8.5.so(Tcl_FSEvalFileEx+0x21e) [0x7ffc94963b8e]
/afs/ece/support/xilinx/xilinx.release/Vivado-2013.2/Vivado/2013.2/lib/lnx64.o/librdi_commontasks.so(+0x2233af) [0x7ffc8b7d23af]
/afs/ece/support/xilinx/xilinx.release/Vivado-2013.2/Vivado/2013.2/lib/lnx64.o/librdi_common.so(+0x4a449b) [0x7ffc98e1149b]
/afs/ece/support/xilinx/xilinx.release/Vivado-2013.2/Vivado/2013.2/lib/lnx64.o/libtcl8.5.so(+0x32cf7) [0x7ffc948fecf7]
/afs/ece/support/xilinx/xilinx.release/Vivado-2013.2/Vivado/2013.2/lib/lnx64.o/libtcl8.5.so(Tcl_EvalObjv+0x48) [0x7ffc948ff278]
/afs/ece/support/xilinx/xilinx.release/Vivado-2013.2/Vivado/2013.2/lib/lnx64.o/libtcl8.5.so(TclEvalObjEx+0x2f8) [0x7ffc94900f18]
/afs/ece/support/xilinx/xilinx.release/Vivado-2013.2/Vivado/2013.2/lib/lnx64.o/librdi_commontasks.so(+0x246e40) [0x7ffc8b7f5e40]
/afs/ece/support/xilinx/xilinx.release/Vivado-2013.2/Vivado/2013.2/lib/lnx64.o/librdi_commontasks.so(+0x24b790) [0x7ffc8b7fa790]
/afs/ece/support/xilinx/xilinx.release/Vivado-2013.2/Vivado/2013.2/lib/lnx64.o/librdi_commontasks.so(+0x247f1c) [0x7ffc8b7f6f1c]
/afs/ece/support/xilinx/xilinx.release/Vivado-2013.2/Vivado/2013.2/lib/lnx64.o/librdi_common.so(+0x4a449b) [0x7ffc98e1149b]
/afs/ece/support/xilinx/xilinx.release/Vivado-2013.2/Vivado/2013.2/lib/lnx64.o/libtcl8.5.so(+0x32cf7) [0x7ffc948fecf7]
/afs/ece/support/xilinx/xilinx.release/Vivado-2013.2/Vivado/2013.2/lib/lnx64.o/libtcl8.5.so(Tcl_EvalObjv+0x48) [0x7ffc948ff278]
/afs/ece/support/xilinx/xilinx.release/Vivado-2013.2/Vivado/2013.2/lib/lnx64.o/libtcl8.5.so(TclEvalObjEx+0x2f8) [0x7ffc94900f18]
/afs/ece/support/xilinx/xilinx.release/Vivado-2013.2/Vivado/2013.2/lib/lnx64.o/librdi_commonmain.so(+0x6e04) [0x7ffc98766e04]
/afs/ece/support/xilinx/xilinx.release/Vivado-2013.2/Vivado/2013.2/lib/lnx64.o/libtcl8.5.so(Tcl_Main+0x1d2) [0x7ffc94969562]
/afs/ece/support/xilinx/xilinx.release/Vivado-2013.2/Vivado/2013.2/lib/lnx64.o/librdi_common.so(boost::function0<void>::operator()() const+0x1a) [0x7ffc98e427ba]
/afs/ece/support/xilinx/xilinx.release/Vivado-2013.2/Vivado/2013.2/lib/lnx64.o/librdi_common.so(+0x4d5799) [0x7ffc98e42799]
/lib64/libpthread.so.0() [0x340a607851]
/lib64/libc.so.6(clone+0x6d) [0x3409ae894d]
