
*** Running vivado
    with args -log vc707_pcie_x8_gen2.rdi -applog -m64 -messageDb vivado.pb -mode batch -source vc707_pcie_x8_gen2.tcl -notrace


****** Vivado v2013.2 (64-bit)
  **** Build 272601 by xbuild on Sat Jun 15 11:11:11 MDT 2013
    ** Copyright 1986-1999, 2001-2013 Xilinx, Inc. All Rights Reserved.

INFO: [Common 17-78] Attempting to get a license: Implementation
INFO: [Common 17-81] Feature available: Implementation
INFO: [Common 17-78] Attempting to get a license: Synthesis
INFO: [Common 17-81] Feature available: Synthesis
INFO: [Device 21-36] Loading parts and site information from /afs/ece/support/xilinx/xilinx.release/Vivado-2013.2/Vivado/2013.2/data/parts/arch.xml
Parsing RTL primitives file [/afs/ece/support/xilinx/xilinx.release/Vivado-2013.2/Vivado/2013.2/data/parts/xilinx/rtl/prims/rtl_prims.xml]
Finished parsing RTL primitives file [/afs/ece/support/xilinx/xilinx.release/Vivado-2013.2/Vivado/2013.2/data/parts/xilinx/rtl/prims/rtl_prims.xml]
INFO: [Common 17-362] Using Tcl App repository from '/afs/ece/support/xilinx/xilinx.release/Vivado-2013.2/Vivado/2013.2/data/XilinxTclStore'.
INFO: [Common 17-364] Updating Tcl app persistent manifest '/afs/ece.cmu.edu/usr/wtabib/.Xilinx/Vivado/tclapp/manifest.tcl'
source vc707_pcie_x8_gen2.tcl -notrace
Design is defaulting to srcset: sources_1
Design is defaulting to constrset: constrs_1
INFO: [Netlist 29-17] Analyzing 628 Unisim elements for replacement
INFO: [Netlist 29-28] Unisim Transformation completed in 0 CPU seconds
INFO: [Project 1-479] Netlist was created with Vivado 2013.2
Loading clock regions from /afs/ece/support/xilinx/xilinx.release/Vivado-2013.2/Vivado/2013.2/data/parts/xilinx/virtex7/virtex7/xc7vx485t/ClockRegion.xml
Loading clock buffers from /afs/ece/support/xilinx/xilinx.release/Vivado-2013.2/Vivado/2013.2/data/parts/xilinx/virtex7/virtex7/xc7vx485t/ClockBuffers.xml
Loading clock placement rules from /afs/ece/support/xilinx/xilinx.release/Vivado-2013.2/Vivado/2013.2/data/parts/xilinx/virtex7/ClockPlacerRules.xml
Loading package pin functions from /afs/ece/support/xilinx/xilinx.release/Vivado-2013.2/Vivado/2013.2/data/parts/xilinx/virtex7/PinFunctions.xml...
Loading package from /afs/ece/support/xilinx/xilinx.release/Vivado-2013.2/Vivado/2013.2/data/parts/xilinx/virtex7/virtex7/xc7vx485t/ffg1761/Package.xml
Loading io standards from /afs/ece/support/xilinx/xilinx.release/Vivado-2013.2/Vivado/2013.2/data/./parts/xilinx/virtex7/IOStandards.xml
Loading device configuration modes from /afs/ece/support/xilinx/xilinx.release/Vivado-2013.2/Vivado/2013.2/data/parts/xilinx/virtex7/ConfigModes.xml
INFO: [Opt 31-138] Pushed 0 inverter(s).
INFO: [Common 17-78] Attempting to get a license: Internal_bitstream
WARNING: [Common 17-301] Failed to get a license: Internal_bitstream
Parsing XDC File [/afs/ece.cmu.edu/usr/wtabib/astroFPGA/lab3/vc707_pcie_vivado/vc707_pcie_vivado.srcs/sources_1/ip/vc707_pcie_x8_gen2/vc707_pcie_x8_gen2/source/vc707_pcie_x8_gen2-PCIE_X1Y0.xdc] for cell 'inst'
INFO: [Vivado 12-1399] There are no top level ports directly connected to pins of cell 'inst', returning the pins matched for query '[get_ports pipe_txoutclk_out]' of cell 'inst'. [/afs/ece.cmu.edu/usr/wtabib/astroFPGA/lab3/vc707_pcie_vivado/vc707_pcie_vivado.srcs/sources_1/ip/vc707_pcie_x8_gen2/vc707_pcie_x8_gen2/source/vc707_pcie_x8_gen2-PCIE_X1Y0.xdc:114]
Resolution: The get_ports call is being converted to a get_pins call as there is no direct connection to a top level port. This could be due to the insertion of IO Buffers between the top level terminal and cell pin. If the goal is to apply constraints that will migrate to top level ports it is required that IO Buffers manually be instanced.
Finished Parsing XDC File [/afs/ece.cmu.edu/usr/wtabib/astroFPGA/lab3/vc707_pcie_vivado/vc707_pcie_vivado.srcs/sources_1/ip/vc707_pcie_x8_gen2/vc707_pcie_x8_gen2/source/vc707_pcie_x8_gen2-PCIE_X1Y0.xdc] for cell 'inst'
Parsing XDC File [/afs/ece.cmu.edu/usr/wtabib/astroFPGA/lab3/vc707_pcie_vivado/vc707_pcie_vivado.runs/impl_1/.Xil/Vivado-15026-chinook.ece.cmu.edu/dcp/vc707_pcie_x8_gen2.xdc]
Finished Parsing XDC File [/afs/ece.cmu.edu/usr/wtabib/astroFPGA/lab3/vc707_pcie_vivado/vc707_pcie_vivado.runs/impl_1/.Xil/Vivado-15026-chinook.ece.cmu.edu/dcp/vc707_pcie_x8_gen2.xdc]
INFO: [Project 1-111] Unisim Transformation Summary:
No Unisim elements were transformed.

Phase 0 | Netlist Checksum: 2b425284
link_design: Time (s): cpu = 00:00:20 ; elapsed = 00:00:22 . Memory (MB): peak = 944.066 ; gain = 790.395
Command: opt_design
INFO: [Common 17-347] Attempting to get a license for feature 'Implementation' and/or device 'xc7vx485t'
INFO: [Common 17-349] Got license for feature 'Implementation' and/or device 'xc7vx485t'
Running DRC as a precondition to command opt_design

Starting DRC Task
INFO: [Drc 23-27] Running DRC with 4 threads
INFO: [Project 1-461] DRC finished with 0 Errors
INFO: [Project 1-462] Please refer to the DRC report (report_drc) for more information.

Time (s): cpu = 00:00:00.21 ; elapsed = 00:00:00.20 . Memory (MB): peak = 950.078 ; gain = 6.012

Starting Logic Optimization Task
Logic Optimization | Checksum: 9a26dd00
INFO: [Timing 38-35] Done setting XDC timing constraints.
INFO: [Timing 38-35] Done setting XDC timing constraints.

Phase 1 Retarget

INFO: [Opt 31-138] Pushed 0 inverter(s).
INFO: [Opt 31-49] Retargeted 0 cell(s).
Phase 1 Retarget | Checksum: 1dc97c1b

Time (s): cpu = 00:00:00.91 ; elapsed = 00:00:00.91 . Memory (MB): peak = 998.551 ; gain = 48.473

Phase 2 Constant Propagation
INFO: [Opt 31-138] Pushed 0 inverter(s).
INFO: [Opt 31-10] Eliminated 359 cells.
Phase 2 Constant Propagation | Checksum: b8e10cb8

Time (s): cpu = 00:00:02 ; elapsed = 00:00:02 . Memory (MB): peak = 998.676 ; gain = 48.598

Phase 3 Sweep
INFO: [Opt 31-12] Eliminated 2483 unconnected nets.
INFO: [Opt 31-11] Eliminated 2682 unconnected cells.
Phase 3 Sweep | Checksum: 9f1e56c1

Time (s): cpu = 00:00:02 ; elapsed = 00:00:02 . Memory (MB): peak = 998.676 ; gain = 48.598
INFO: [Timing 38-35] Done setting XDC timing constraints.
Ending Logic Optimization Task | Checksum: 9f1e56c1

Time (s): cpu = 00:00:02 ; elapsed = 00:00:02 . Memory (MB): peak = 998.676 ; gain = 48.598

Starting Power Optimization Task
INFO: [Pwropt 34-9] Applying IDT optimizations ...
INFO: [Pwropt 34-10] Applying ODC optimizations ...

INFO: [Pwropt 34-162] WRITE_MODE attribute of 4 BRAM(s) out of a total of 4 was updated to NO_CHANGE to save power.
    Run report_power_opt to get a complete listing of the BRAMs updated.
INFO: [Pwropt 34-201] Structural ODC has moved 0 WE to EN ports
Number of BRAM Ports augmented: 0 newly gated: 0 Total Ports: 8
Ending Power Optimization Task | Checksum: 9f1e56c1

Time (s): cpu = 00:00:02 ; elapsed = 00:00:01 . Memory (MB): peak = 1083.969 ; gain = 85.293
25 Infos, 1 Warnings, 0 Critical Warnings and 0 Errors encountered.
opt_design completed successfully
Writing XDEF routing.
Writing XDEF routing logical nets.
Writing XDEF routing special nets.
Write XDEF Complete: Time (s): cpu = 00:00:00.24 ; elapsed = 00:00:00.29 . Memory (MB): peak = 1083.969 ; gain = 0.000
Command: place_design
INFO: [Common 17-347] Attempting to get a license for feature 'Implementation' and/or device 'xc7vx485t'
INFO: [Common 17-349] Got license for feature 'Implementation' and/or device 'xc7vx485t'
Running DRC as a precondition to command place_design
INFO: [Drc 23-27] Running DRC with 4 threads
INFO: [Vivado_Tcl 4-198] DRC finished with 0 Errors
INFO: [Vivado_Tcl 4-199] Please refer to the DRC report (report_drc) for more information.

Starting Placer Task
INFO: [Place 30-611] Multithreading enabled for place_design using a maximum of 4 CPUs

Phase 1 Placer Initialization
Netlist sorting complete. Time (s): cpu = 00:00:00.01 ; elapsed = 00:00:00.01 . Memory (MB): peak = 1083.969 ; gain = 0.000

Phase 1.1 Mandatory Logic Optimization
INFO: [Opt 31-138] Pushed 0 inverter(s).
Phase 1.1 Mandatory Logic Optimization | Checksum: 1048b54bd

Time (s): cpu = 00:00:00.20 ; elapsed = 00:00:00.20 . Memory (MB): peak = 1083.969 ; gain = 0.000

Phase 1.2 Build Super Logic Region (SLR) Database
Phase 1.2 Build Super Logic Region (SLR) Database | Checksum: 1048b54bd

Time (s): cpu = 00:00:00.35 ; elapsed = 00:00:00.35 . Memory (MB): peak = 1083.969 ; gain = 0.000

Phase 1.3 Add Constraints
Phase 1.3 Add Constraints | Checksum: 1048b54bd

Time (s): cpu = 00:00:00.35 ; elapsed = 00:00:00.35 . Memory (MB): peak = 1083.969 ; gain = 0.000

Phase 1.4 Routing Based Site Exclusion
Phase 1.4 Routing Based Site Exclusion | Checksum: 1048b54bd

Time (s): cpu = 00:00:00.35 ; elapsed = 00:00:00.35 . Memory (MB): peak = 1083.969 ; gain = 0.000

Phase 1.5 Build Macros
Phase 1.5 Build Macros | Checksum: 826b98b5

Time (s): cpu = 00:00:00.72 ; elapsed = 00:00:00.73 . Memory (MB): peak = 1083.969 ; gain = 0.000

Phase 1.6 Implementation Feasibility check
Phase 1.6 Implementation Feasibility check | Checksum: 826b98b5

Time (s): cpu = 00:00:01 ; elapsed = 00:00:01 . Memory (MB): peak = 1083.969 ; gain = 0.000

Phase 1.7 Pre-Place Cells
Phase 1.7 Pre-Place Cells | Checksum: 826b98b5

Time (s): cpu = 00:00:01 ; elapsed = 00:00:01 . Memory (MB): peak = 1083.969 ; gain = 0.000

Phase 1.8 IO Placement/ Clock Placement/ Build Placer Device
ERROR: [Place 30-415] IO Placement failed due to overutilization. This design contains 1089 I/O ports
 while the target  device: 7vx485t package: ffg1761, contains only 700 available user I/O. The target device has 700 usable I/O pins of which 0 are already occupied by user-locked I/Os.
 To rectify this issue:
 1. Ensure you are targeting the correct device and package.  Select a larger device or different package if necessary.
 2. Check the top-level ports of the design to ensure the correct number of ports are specified.
 3. Consider design changes to reduce the number of I/Os necessary.
ERROR: [Place 30-68] Instance cfg_aer_ecrc_check_en_OBUF_inst (OBUF) is not placed
ERROR: [Place 30-68] Instance cfg_aer_ecrc_gen_en_OBUF_inst (OBUF) is not placed
ERROR: [Place 30-68] Instance cfg_aer_interrupt_msgnum_IBUF[0]_inst (IBUF) is not placed
ERROR: [Place 30-68] Instance cfg_aer_interrupt_msgnum_IBUF[1]_inst (IBUF) is not placed
ERROR: [Place 30-68] Instance cfg_aer_interrupt_msgnum_IBUF[2]_inst (IBUF) is not placed
ERROR: [Place 30-68] Instance cfg_aer_interrupt_msgnum_IBUF[3]_inst (IBUF) is not placed
ERROR: [Place 30-68] Instance cfg_aer_interrupt_msgnum_IBUF[4]_inst (IBUF) is not placed
ERROR: [Place 30-68] Instance cfg_aer_rooterr_corr_err_received_OBUF_inst (OBUF) is not placed
ERROR: [Place 30-68] Instance cfg_aer_rooterr_corr_err_reporting_en_OBUF_inst (OBUF) is not placed
ERROR: [Place 30-68] Instance cfg_aer_rooterr_fatal_err_received_OBUF_inst (OBUF) is not placed
ERROR: [Place 30-68] Instance cfg_aer_rooterr_fatal_err_reporting_en_OBUF_inst (OBUF) is not placed
ERROR: [Place 30-68] Instance cfg_aer_rooterr_non_fatal_err_received_OBUF_inst (OBUF) is not placed
ERROR: [Place 30-68] Instance cfg_aer_rooterr_non_fatal_err_reporting_en_OBUF_inst (OBUF) is not placed
ERROR: [Place 30-68] Instance cfg_bridge_serr_en_OBUF_inst (OBUF) is not placed
ERROR: [Place 30-68] Instance cfg_bus_number_OBUF[0]_inst (OBUF) is not placed
ERROR: [Place 30-68] Instance cfg_bus_number_OBUF[1]_inst (OBUF) is not placed
ERROR: [Place 30-68] Instance cfg_bus_number_OBUF[2]_inst (OBUF) is not placed
ERROR: [Place 30-68] Instance cfg_bus_number_OBUF[3]_inst (OBUF) is not placed
ERROR: [Place 30-68] Instance cfg_bus_number_OBUF[4]_inst (OBUF) is not placed
ERROR: [Place 30-68] Instance cfg_bus_number_OBUF[5]_inst (OBUF) is not placed
ERROR: [Place 30-68] Instance cfg_bus_number_OBUF[6]_inst (OBUF) is not placed
ERROR: [Place 30-68] Instance cfg_bus_number_OBUF[7]_inst (OBUF) is not placed
ERROR: [Place 30-68] Instance cfg_command_OBUF[0]_inst (OBUF) is not placed
ERROR: [Place 30-68] Instance cfg_command_OBUF[10]_inst (OBUF) is not placed
ERROR: [Place 30-68] Instance cfg_command_OBUF[11]_inst (OBUF) is not placed
ERROR: [Place 30-68] Instance cfg_command_OBUF[12]_inst (OBUF) is not placed
ERROR: [Place 30-68] Instance cfg_command_OBUF[13]_inst (OBUF) is not placed
ERROR: [Place 30-68] Instance cfg_command_OBUF[14]_inst (OBUF) is not placed
ERROR: [Place 30-68] Instance cfg_command_OBUF[15]_inst (OBUF) is not placed
ERROR: [Place 30-68] Instance cfg_command_OBUF[1]_inst (OBUF) is not placed
ERROR: [Place 30-68] Instance cfg_command_OBUF[2]_inst (OBUF) is not placed
ERROR: [Place 30-68] Instance cfg_command_OBUF[3]_inst (OBUF) is not placed
ERROR: [Place 30-68] Instance cfg_command_OBUF[4]_inst (OBUF) is not placed
ERROR: [Place 30-68] Instance cfg_command_OBUF[5]_inst (OBUF) is not placed
ERROR: [Place 30-68] Instance cfg_command_OBUF[6]_inst (OBUF) is not placed
ERROR: [Place 30-68] Instance cfg_command_OBUF[7]_inst (OBUF) is not placed
ERROR: [Place 30-68] Instance cfg_command_OBUF[8]_inst (OBUF) is not placed
ERROR: [Place 30-68] Instance cfg_command_OBUF[9]_inst (OBUF) is not placed
ERROR: [Place 30-68] Instance cfg_dcommand2_OBUF[0]_inst (OBUF) is not placed
ERROR: [Place 30-68] Instance cfg_dcommand2_OBUF[10]_inst (OBUF) is not placed
ERROR: [Place 30-68] Instance cfg_dcommand2_OBUF[11]_inst (OBUF) is not placed
ERROR: [Place 30-68] Instance cfg_dcommand2_OBUF[12]_inst (OBUF) is not placed
ERROR: [Place 30-68] Instance cfg_dcommand2_OBUF[13]_inst (OBUF) is not placed
ERROR: [Place 30-68] Instance cfg_dcommand2_OBUF[14]_inst (OBUF) is not placed
ERROR: [Place 30-68] Instance cfg_dcommand2_OBUF[15]_inst (OBUF) is not placed
ERROR: [Place 30-68] Instance cfg_dcommand2_OBUF[1]_inst (OBUF) is not placed
ERROR: [Place 30-68] Instance cfg_dcommand2_OBUF[2]_inst (OBUF) is not placed
ERROR: [Place 30-68] Instance cfg_dcommand2_OBUF[3]_inst (OBUF) is not placed
ERROR: [Place 30-68] Instance cfg_dcommand2_OBUF[4]_inst (OBUF) is not placed
ERROR: [Place 30-68] Instance cfg_dcommand2_OBUF[5]_inst (OBUF) is not placed
ERROR: [Place 30-68] Instance cfg_dcommand2_OBUF[6]_inst (OBUF) is not placed
ERROR: [Place 30-68] Instance cfg_dcommand2_OBUF[7]_inst (OBUF) is not placed
ERROR: [Place 30-68] Instance cfg_dcommand2_OBUF[8]_inst (OBUF) is not placed
ERROR: [Place 30-68] Instance cfg_dcommand2_OBUF[9]_inst (OBUF) is not placed
ERROR: [Place 30-68] Instance cfg_dcommand_OBUF[0]_inst (OBUF) is not placed
ERROR: [Place 30-68] Instance cfg_dcommand_OBUF[10]_inst (OBUF) is not placed
ERROR: [Place 30-68] Instance cfg_dcommand_OBUF[11]_inst (OBUF) is not placed
ERROR: [Place 30-68] Instance cfg_dcommand_OBUF[12]_inst (OBUF) is not placed
ERROR: [Place 30-68] Instance cfg_dcommand_OBUF[13]_inst (OBUF) is not placed
ERROR: [Place 30-68] Instance cfg_dcommand_OBUF[14]_inst (OBUF) is not placed
ERROR: [Place 30-68] Instance cfg_dcommand_OBUF[15]_inst (OBUF) is not placed
ERROR: [Place 30-68] Instance cfg_dcommand_OBUF[1]_inst (OBUF) is not placed
ERROR: [Place 30-68] Instance cfg_dcommand_OBUF[2]_inst (OBUF) is not placed
ERROR: [Place 30-68] Instance cfg_dcommand_OBUF[3]_inst (OBUF) is not placed
ERROR: [Place 30-68] Instance cfg_dcommand_OBUF[4]_inst (OBUF) is not placed
ERROR: [Place 30-68] Instance cfg_dcommand_OBUF[5]_inst (OBUF) is not placed
ERROR: [Place 30-68] Instance cfg_dcommand_OBUF[6]_inst (OBUF) is not placed
ERROR: [Place 30-68] Instance cfg_dcommand_OBUF[7]_inst (OBUF) is not placed
ERROR: [Place 30-68] Instance cfg_dcommand_OBUF[8]_inst (OBUF) is not placed
ERROR: [Place 30-68] Instance cfg_dcommand_OBUF[9]_inst (OBUF) is not placed
ERROR: [Place 30-68] Instance cfg_device_number_OBUF[0]_inst (OBUF) is not placed
ERROR: [Place 30-68] Instance cfg_device_number_OBUF[1]_inst (OBUF) is not placed
ERROR: [Place 30-68] Instance cfg_device_number_OBUF[2]_inst (OBUF) is not placed
ERROR: [Place 30-68] Instance cfg_device_number_OBUF[3]_inst (OBUF) is not placed
ERROR: [Place 30-68] Instance cfg_device_number_OBUF[4]_inst (OBUF) is not placed
ERROR: [Place 30-68] Instance cfg_ds_bus_number_IBUF[0]_inst (IBUF) is not placed
ERROR: [Place 30-68] Instance cfg_ds_bus_number_IBUF[1]_inst (IBUF) is not placed
ERROR: [Place 30-68] Instance cfg_ds_bus_number_IBUF[2]_inst (IBUF) is not placed
ERROR: [Place 30-68] Instance cfg_ds_bus_number_IBUF[3]_inst (IBUF) is not placed
ERROR: [Place 30-68] Instance cfg_ds_bus_number_IBUF[4]_inst (IBUF) is not placed
ERROR: [Place 30-68] Instance cfg_ds_bus_number_IBUF[5]_inst (IBUF) is not placed
ERROR: [Place 30-68] Instance cfg_ds_bus_number_IBUF[6]_inst (IBUF) is not placed
ERROR: [Place 30-68] Instance cfg_ds_bus_number_IBUF[7]_inst (IBUF) is not placed
ERROR: [Place 30-68] Instance cfg_ds_device_number_IBUF[0]_inst (IBUF) is not placed
ERROR: [Place 30-68] Instance cfg_ds_device_number_IBUF[1]_inst (IBUF) is not placed
ERROR: [Place 30-68] Instance cfg_ds_device_number_IBUF[2]_inst (IBUF) is not placed
ERROR: [Place 30-68] Instance cfg_ds_device_number_IBUF[3]_inst (IBUF) is not placed
ERROR: [Place 30-68] Instance cfg_ds_device_number_IBUF[4]_inst (IBUF) is not placed
ERROR: [Place 30-68] Instance cfg_ds_function_number_IBUF[0]_inst (IBUF) is not placed
ERROR: [Place 30-68] Instance cfg_ds_function_number_IBUF[1]_inst (IBUF) is not placed
ERROR: [Place 30-68] Instance cfg_ds_function_number_IBUF[2]_inst (IBUF) is not placed
ERROR: [Place 30-68] Instance cfg_dsn_IBUF[0]_inst (IBUF) is not placed
ERROR: [Place 30-68] Instance cfg_dsn_IBUF[10]_inst (IBUF) is not placed
ERROR: [Place 30-68] Instance cfg_dsn_IBUF[11]_inst (IBUF) is not placed
ERROR: [Place 30-68] Instance cfg_dsn_IBUF[12]_inst (IBUF) is not placed
ERROR: [Place 30-68] Instance cfg_dsn_IBUF[13]_inst (IBUF) is not placed
ERROR: [Place 30-68] Instance cfg_dsn_IBUF[14]_inst (IBUF) is not placed
ERROR: [Place 30-68] Instance cfg_dsn_IBUF[15]_inst (IBUF) is not placed
ERROR: [Place 30-68] Instance cfg_dsn_IBUF[16]_inst (IBUF) is not placed
ERROR: [Place 30-68] Instance cfg_dsn_IBUF[17]_inst (IBUF) is not placed
INFO: [Common 17-14] Message 'Place 30-68' appears 100 times and further instances of the messages will be disabled. Use the Tcl command set_msg_limit to change the current settings.
Phase 1.8 IO Placement/ Clock Placement/ Build Placer Device | Checksum: 826b98b5

Time (s): cpu = 00:00:03 ; elapsed = 00:00:03 . Memory (MB): peak = 1113.980 ; gain = 30.012
Phase 1 Placer Initialization | Checksum: 826b98b5

Time (s): cpu = 00:00:03 ; elapsed = 00:00:03 . Memory (MB): peak = 1113.980 ; gain = 30.012
ERROR: [Place 30-99] Placer failed with error: 'IO Clock Placer failed'
Please review all ERROR, CRITICAL WARNING, and WARNING messages during placement to understand the cause for failure.
Ending Placer Task | Checksum: 826b98b5

Time (s): cpu = 00:00:03 ; elapsed = 00:00:03 . Memory (MB): peak = 1113.980 ; gain = 30.012
32 Infos, 1 Warnings, 0 Critical Warnings and 102 Errors encountered.
place_design failed
ERROR: [Common 17-69] Command failed: Placer could not place all instances

    while executing
"place_design "
INFO: [Common 17-206] Exiting Vivado at Sat Oct  5 15:59:28 2013...
